<?xml version="1.0" encoding="UTF-8"?>
<!-- Generated by org.testng.reporters.JUnitXMLReporter -->
<testsuite ignored="0" hostname="DELL" failures="0" tests="3" name="Chrome Test" time="74.187" errors="0" timestamp="2022-08-03T11:07:10 IST">
  <testcase classname="com.facebook.login.LoginTest" name="inValidLogin" time="11.856"/>
  <testcase classname="com.facebook.login.LoginTest" name="inValidLogin" time="11.512"/>
  <testcase classname="com.facebook.login.LoginTest" name="validLoginAndLogOut" time="26.373"/>
</testsuite> <!-- Chrome Test -->
