<?xml version="1.0" encoding="UTF-8"?>
<!-- Generated by org.testng.reporters.JUnitXMLReporter -->
<testsuite ignored="0" hostname="DELL" failures="0" tests="3" name="FireFox Test" time="107.736" errors="0" timestamp="2022-08-03T11:07:43 IST">
  <testcase classname="com.facebook.login.LoginTest" name="inValidLogin" time="9.791"/>
  <testcase classname="com.facebook.login.LoginTest" name="inValidLogin" time="15.669"/>
  <testcase classname="com.facebook.login.LoginTest" name="validLoginAndLogOut" time="38.608"/>
</testsuite> <!-- FireFox Test -->
