<?xml version="1.0" encoding="UTF-8"?>
<testng-results ignored="0" total="6" passed="6" failed="0" skipped="0">
  <reporter-output>
  </reporter-output>
  <suite started-at="2022-08-03T11:05:55 IST" name="TestSuite" finished-at="2022-08-03T11:07:43 IST" duration-ms="107736">
    <groups>
    </groups>
    <test started-at="2022-08-03T11:05:55 IST" name="Chrome Test" finished-at="2022-08-03T11:07:10 IST" duration-ms="74187">
      <class name="com.facebook.login.LoginTest">
        <test-method is-config="true" signature="setup(java.lang.String,java.lang.String,java.lang.String)[pri:0, instance:com.facebook.login.LoginTest@1623b78d]" started-at="2022-08-03T11:05:55 IST" name="setup" finished-at="2022-08-03T11:06:13 IST" duration-ms="18056" status="PASS">
          <params>
            <param index="0">
              <value>
                <![CDATA[chrome]]>
              </value>
            </param>
            <param index="1">
              <value>
                <![CDATA[45.0.2454.85]]>
              </value>
            </param>
            <param index="2">
              <value>
                <![CDATA[https://www.facebook.com/]]>
              </value>
            </param>
          </params>
          <reporter-output>
          </reporter-output>
        </test-method> <!-- setup -->
        <test-method signature="inValidLogin(java.lang.String,java.lang.String)[pri:0, instance:com.facebook.login.LoginTest@1623b78d]" started-at="2022-08-03T11:06:14 IST" name="inValidLogin" data-provider="invalidLogin" finished-at="2022-08-03T11:06:25 IST" duration-ms="11856" status="PASS">
          <params>
            <param index="0">
              <value>
                <![CDATA[mari11091@gmail.com]]>
              </value>
            </param>
            <param index="1">
              <value>
                <![CDATA[test]]>
              </value>
            </param>
          </params>
          <reporter-output>
          </reporter-output>
        </test-method> <!-- inValidLogin -->
        <test-method is-config="true" signature="afterMethod()[pri:0, instance:com.facebook.login.LoginTest@1623b78d]" started-at="2022-08-03T11:06:25 IST" name="afterMethod" finished-at="2022-08-03T11:06:27 IST" duration-ms="1598" status="PASS">
          <reporter-output>
          </reporter-output>
        </test-method> <!-- afterMethod -->
        <test-method signature="inValidLogin(java.lang.String,java.lang.String)[pri:0, instance:com.facebook.login.LoginTest@1623b78d]" started-at="2022-08-03T11:06:27 IST" name="inValidLogin" data-provider="invalidLogin" finished-at="2022-08-03T11:06:39 IST" duration-ms="11512" status="PASS">
          <params>
            <param index="0">
              <value>
                <![CDATA[mari11091@gmail.com]]>
              </value>
            </param>
            <param index="1">
              <value>
                <![CDATA[abcd]]>
              </value>
            </param>
          </params>
          <reporter-output>
          </reporter-output>
        </test-method> <!-- inValidLogin -->
        <test-method is-config="true" signature="afterMethod()[pri:0, instance:com.facebook.login.LoginTest@1623b78d]" started-at="2022-08-03T11:06:39 IST" name="afterMethod" finished-at="2022-08-03T11:06:41 IST" duration-ms="2491" status="PASS">
          <reporter-output>
          </reporter-output>
        </test-method> <!-- afterMethod -->
        <test-method signature="validLoginAndLogOut(java.lang.String,java.lang.String)[pri:0, instance:com.facebook.login.LoginTest@1623b78d]" started-at="2022-08-03T11:06:41 IST" name="validLoginAndLogOut" data-provider="validLogin" finished-at="2022-08-03T11:07:07 IST" duration-ms="26373" status="PASS">
          <params>
            <param index="0">
              <value>
                <![CDATA[mari11091@gmail.com]]>
              </value>
            </param>
            <param index="1">
              <value>
                <![CDATA[SUdha@012]]>
              </value>
            </param>
          </params>
          <reporter-output>
          </reporter-output>
        </test-method> <!-- validLoginAndLogOut -->
        <test-method is-config="true" signature="afterMethod()[pri:0, instance:com.facebook.login.LoginTest@1623b78d]" started-at="2022-08-03T11:07:07 IST" name="afterMethod" finished-at="2022-08-03T11:07:09 IST" duration-ms="1178" status="PASS">
          <reporter-output>
          </reporter-output>
        </test-method> <!-- afterMethod -->
        <test-method is-config="true" signature="afterClass()[pri:0, instance:com.facebook.login.LoginTest@1623b78d]" started-at="2022-08-03T11:07:09 IST" name="afterClass" finished-at="2022-08-03T11:07:10 IST" duration-ms="913" status="PASS">
          <reporter-output>
          </reporter-output>
        </test-method> <!-- afterClass -->
      </class> <!-- com.facebook.login.LoginTest -->
    </test> <!-- Chrome Test -->
    <test started-at="2022-08-03T11:05:55 IST" name="FireFox Test" finished-at="2022-08-03T11:07:43 IST" duration-ms="107736">
      <class name="com.facebook.login.LoginTest">
        <test-method is-config="true" signature="setup(java.lang.String,java.lang.String,java.lang.String)[pri:0, instance:com.facebook.login.LoginTest@44ebcd03]" started-at="2022-08-03T11:05:55 IST" name="setup" finished-at="2022-08-03T11:06:23 IST" duration-ms="27722" status="PASS">
          <params>
            <param index="0">
              <value>
                <![CDATA[firefox]]>
              </value>
            </param>
            <param index="1">
              <value>
                <![CDATA[34.0]]>
              </value>
            </param>
            <param index="2">
              <value>
                <![CDATA[https://www.facebook.com/]]>
              </value>
            </param>
          </params>
          <reporter-output>
          </reporter-output>
        </test-method> <!-- setup -->
        <test-method signature="inValidLogin(java.lang.String,java.lang.String)[pri:0, instance:com.facebook.login.LoginTest@44ebcd03]" started-at="2022-08-03T11:06:23 IST" name="inValidLogin" data-provider="invalidLogin" finished-at="2022-08-03T11:06:33 IST" duration-ms="9791" status="PASS">
          <params>
            <param index="0">
              <value>
                <![CDATA[mari11091@gmail.com]]>
              </value>
            </param>
            <param index="1">
              <value>
                <![CDATA[test]]>
              </value>
            </param>
          </params>
          <reporter-output>
          </reporter-output>
        </test-method> <!-- inValidLogin -->
        <test-method is-config="true" signature="afterMethod()[pri:0, instance:com.facebook.login.LoginTest@44ebcd03]" started-at="2022-08-03T11:06:33 IST" name="afterMethod" finished-at="2022-08-03T11:06:39 IST" duration-ms="5966" status="PASS">
          <reporter-output>
          </reporter-output>
        </test-method> <!-- afterMethod -->
        <test-method signature="inValidLogin(java.lang.String,java.lang.String)[pri:0, instance:com.facebook.login.LoginTest@44ebcd03]" started-at="2022-08-03T11:06:39 IST" name="inValidLogin" data-provider="invalidLogin" finished-at="2022-08-03T11:06:55 IST" duration-ms="15669" status="PASS">
          <params>
            <param index="0">
              <value>
                <![CDATA[mari11091@gmail.com]]>
              </value>
            </param>
            <param index="1">
              <value>
                <![CDATA[abcd]]>
              </value>
            </param>
          </params>
          <reporter-output>
          </reporter-output>
        </test-method> <!-- inValidLogin -->
        <test-method is-config="true" signature="afterMethod()[pri:0, instance:com.facebook.login.LoginTest@44ebcd03]" started-at="2022-08-03T11:06:55 IST" name="afterMethod" finished-at="2022-08-03T11:07:00 IST" duration-ms="5756" status="PASS">
          <reporter-output>
          </reporter-output>
        </test-method> <!-- afterMethod -->
        <test-method signature="validLoginAndLogOut(java.lang.String,java.lang.String)[pri:0, instance:com.facebook.login.LoginTest@44ebcd03]" started-at="2022-08-03T11:07:00 IST" name="validLoginAndLogOut" data-provider="validLogin" finished-at="2022-08-03T11:07:39 IST" duration-ms="38608" status="PASS">
          <params>
            <param index="0">
              <value>
                <![CDATA[mari11091@gmail.com]]>
              </value>
            </param>
            <param index="1">
              <value>
                <![CDATA[SUdha@012]]>
              </value>
            </param>
          </params>
          <reporter-output>
          </reporter-output>
        </test-method> <!-- validLoginAndLogOut -->
        <test-method is-config="true" signature="afterMethod()[pri:0, instance:com.facebook.login.LoginTest@44ebcd03]" started-at="2022-08-03T11:07:39 IST" name="afterMethod" finished-at="2022-08-03T11:07:41 IST" duration-ms="1986" status="PASS">
          <reporter-output>
          </reporter-output>
        </test-method> <!-- afterMethod -->
        <test-method is-config="true" signature="afterClass()[pri:0, instance:com.facebook.login.LoginTest@44ebcd03]" started-at="2022-08-03T11:07:41 IST" name="afterClass" finished-at="2022-08-03T11:07:43 IST" duration-ms="2160" status="PASS">
          <reporter-output>
          </reporter-output>
        </test-method> <!-- afterClass -->
      </class> <!-- com.facebook.login.LoginTest -->
    </test> <!-- FireFox Test -->
  </suite> <!-- TestSuite -->
</testng-results>
