<?xml version="1.0" encoding="UTF-8"?>
<testng-results ignored="0" total="6" passed="6" failed="0" skipped="0">
  <reporter-output>
  </reporter-output>
  <suite started-at="2022-07-31T21:34:25 IST" name="TestSuite" finished-at="2022-07-31T21:36:31 IST" duration-ms="125835">
    <groups>
    </groups>
    <test started-at="2022-07-31T21:34:25 IST" name="Chrome Test" finished-at="2022-07-31T21:35:48 IST" duration-ms="83263">
      <class name="com.facebook.login.LoginTest">
        <test-method is-config="true" signature="setup(java.lang.String,java.lang.String,java.lang.String)[pri:0, instance:com.facebook.login.LoginTest@385c9627]" started-at="2022-07-31T21:34:25 IST" name="setup" finished-at="2022-07-31T21:34:45 IST" duration-ms="20150" status="PASS">
          <params>
            <param index="0">
              <value>
                <![CDATA[chrome]]>
              </value>
            </param>
            <param index="1">
              <value>
                <![CDATA[45.0.2454.85]]>
              </value>
            </param>
            <param index="2">
              <value>
                <![CDATA[https://www.facebook.com/]]>
              </value>
            </param>
          </params>
          <reporter-output>
          </reporter-output>
        </test-method> <!-- setup -->
        <test-method signature="inValidLogin(java.lang.String,java.lang.String)[pri:0, instance:com.facebook.login.LoginTest@385c9627]" started-at="2022-07-31T21:34:45 IST" name="inValidLogin" data-provider="invalidLogin" finished-at="2022-07-31T21:35:00 IST" duration-ms="14895" status="PASS">
          <params>
            <param index="0">
              <value>
                <![CDATA[mari11091@gmail.com]]>
              </value>
            </param>
            <param index="1">
              <value>
                <![CDATA[test]]>
              </value>
            </param>
          </params>
          <reporter-output>
          </reporter-output>
        </test-method> <!-- inValidLogin -->
        <test-method is-config="true" signature="afterMethod()[pri:0, instance:com.facebook.login.LoginTest@385c9627]" started-at="2022-07-31T21:35:00 IST" name="afterMethod" finished-at="2022-07-31T21:35:02 IST" duration-ms="1931" status="PASS">
          <reporter-output>
          </reporter-output>
        </test-method> <!-- afterMethod -->
        <test-method signature="inValidLogin(java.lang.String,java.lang.String)[pri:0, instance:com.facebook.login.LoginTest@385c9627]" started-at="2022-07-31T21:35:02 IST" name="inValidLogin" data-provider="invalidLogin" finished-at="2022-07-31T21:35:13 IST" duration-ms="11416" status="PASS">
          <params>
            <param index="0">
              <value>
                <![CDATA[mari11091@gmail.com]]>
              </value>
            </param>
            <param index="1">
              <value>
                <![CDATA[abcd]]>
              </value>
            </param>
          </params>
          <reporter-output>
          </reporter-output>
        </test-method> <!-- inValidLogin -->
        <test-method is-config="true" signature="afterMethod()[pri:0, instance:com.facebook.login.LoginTest@385c9627]" started-at="2022-07-31T21:35:13 IST" name="afterMethod" finished-at="2022-07-31T21:35:17 IST" duration-ms="3607" status="PASS">
          <reporter-output>
          </reporter-output>
        </test-method> <!-- afterMethod -->
        <test-method signature="validLoginAndLogOut(java.lang.String,java.lang.String)[pri:0, instance:com.facebook.login.LoginTest@385c9627]" started-at="2022-07-31T21:35:17 IST" name="validLoginAndLogOut" data-provider="validLogin" finished-at="2022-07-31T21:35:44 IST" duration-ms="27109" status="PASS">
          <params>
            <param index="0">
              <value>
                <![CDATA[mari11091@gmail.com]]>
              </value>
            </param>
            <param index="1">
              <value>
                <![CDATA[SUdha@012]]>
              </value>
            </param>
          </params>
          <reporter-output>
          </reporter-output>
        </test-method> <!-- validLoginAndLogOut -->
        <test-method is-config="true" signature="afterMethod()[pri:0, instance:com.facebook.login.LoginTest@385c9627]" started-at="2022-07-31T21:35:44 IST" name="afterMethod" finished-at="2022-07-31T21:35:47 IST" duration-ms="2867" status="PASS">
          <reporter-output>
          </reporter-output>
        </test-method> <!-- afterMethod -->
        <test-method is-config="true" signature="afterClass()[pri:0, instance:com.facebook.login.LoginTest@385c9627]" started-at="2022-07-31T21:35:47 IST" name="afterClass" finished-at="2022-07-31T21:35:48 IST" duration-ms="1025" status="PASS">
          <reporter-output>
          </reporter-output>
        </test-method> <!-- afterClass -->
      </class> <!-- com.facebook.login.LoginTest -->
    </test> <!-- Chrome Test -->
    <test started-at="2022-07-31T21:34:25 IST" name="FireFox Test" finished-at="2022-07-31T21:36:31 IST" duration-ms="125835">
      <class name="com.facebook.login.LoginTest">
        <test-method is-config="true" signature="setup(java.lang.String,java.lang.String,java.lang.String)[pri:0, instance:com.facebook.login.LoginTest@235834f2]" started-at="2022-07-31T21:34:25 IST" name="setup" finished-at="2022-07-31T21:34:58 IST" duration-ms="32864" status="PASS">
          <params>
            <param index="0">
              <value>
                <![CDATA[firefox]]>
              </value>
            </param>
            <param index="1">
              <value>
                <![CDATA[34.0]]>
              </value>
            </param>
            <param index="2">
              <value>
                <![CDATA[https://www.facebook.com/]]>
              </value>
            </param>
          </params>
          <reporter-output>
          </reporter-output>
        </test-method> <!-- setup -->
        <test-method signature="inValidLogin(java.lang.String,java.lang.String)[pri:0, instance:com.facebook.login.LoginTest@235834f2]" started-at="2022-07-31T21:34:58 IST" name="inValidLogin" data-provider="invalidLogin" finished-at="2022-07-31T21:35:27 IST" duration-ms="28890" status="PASS">
          <params>
            <param index="0">
              <value>
                <![CDATA[mari11091@gmail.com]]>
              </value>
            </param>
            <param index="1">
              <value>
                <![CDATA[test]]>
              </value>
            </param>
          </params>
          <reporter-output>
          </reporter-output>
        </test-method> <!-- inValidLogin -->
        <test-method is-config="true" signature="afterMethod()[pri:0, instance:com.facebook.login.LoginTest@235834f2]" started-at="2022-07-31T21:35:27 IST" name="afterMethod" finished-at="2022-07-31T21:35:42 IST" duration-ms="15555" status="PASS">
          <reporter-output>
          </reporter-output>
        </test-method> <!-- afterMethod -->
        <test-method signature="inValidLogin(java.lang.String,java.lang.String)[pri:0, instance:com.facebook.login.LoginTest@235834f2]" started-at="2022-07-31T21:35:42 IST" name="inValidLogin" data-provider="invalidLogin" finished-at="2022-07-31T21:35:57 IST" duration-ms="15181" status="PASS">
          <params>
            <param index="0">
              <value>
                <![CDATA[mari11091@gmail.com]]>
              </value>
            </param>
            <param index="1">
              <value>
                <![CDATA[abcd]]>
              </value>
            </param>
          </params>
          <reporter-output>
          </reporter-output>
        </test-method> <!-- inValidLogin -->
        <test-method is-config="true" signature="afterMethod()[pri:0, instance:com.facebook.login.LoginTest@235834f2]" started-at="2022-07-31T21:35:57 IST" name="afterMethod" finished-at="2022-07-31T21:35:58 IST" duration-ms="892" status="PASS">
          <reporter-output>
          </reporter-output>
        </test-method> <!-- afterMethod -->
        <test-method signature="validLoginAndLogOut(java.lang.String,java.lang.String)[pri:0, instance:com.facebook.login.LoginTest@235834f2]" started-at="2022-07-31T21:35:58 IST" name="validLoginAndLogOut" data-provider="validLogin" finished-at="2022-07-31T21:36:24 IST" duration-ms="25367" status="PASS">
          <params>
            <param index="0">
              <value>
                <![CDATA[mari11091@gmail.com]]>
              </value>
            </param>
            <param index="1">
              <value>
                <![CDATA[SUdha@012]]>
              </value>
            </param>
          </params>
          <reporter-output>
          </reporter-output>
        </test-method> <!-- validLoginAndLogOut -->
        <test-method is-config="true" signature="afterMethod()[pri:0, instance:com.facebook.login.LoginTest@235834f2]" started-at="2022-07-31T21:36:24 IST" name="afterMethod" finished-at="2022-07-31T21:36:28 IST" duration-ms="4437" status="PASS">
          <reporter-output>
          </reporter-output>
        </test-method> <!-- afterMethod -->
        <test-method is-config="true" signature="afterClass()[pri:0, instance:com.facebook.login.LoginTest@235834f2]" started-at="2022-07-31T21:36:28 IST" name="afterClass" finished-at="2022-07-31T21:36:31 IST" duration-ms="2549" status="PASS">
          <reporter-output>
          </reporter-output>
        </test-method> <!-- afterClass -->
      </class> <!-- com.facebook.login.LoginTest -->
    </test> <!-- FireFox Test -->
  </suite> <!-- TestSuite -->
</testng-results>
