<?xml version="1.0" encoding="UTF-8"?>
<!-- Generated by org.testng.reporters.JUnitXMLReporter -->
<testsuite ignored="0" hostname="DELL" failures="0" tests="3" name="Chrome Test" time="83.263" errors="0" timestamp="2022-07-31T21:35:48 IST">
  <testcase classname="com.facebook.login.LoginTest" name="inValidLogin" time="14.895"/>
  <testcase classname="com.facebook.login.LoginTest" name="inValidLogin" time="11.416"/>
  <testcase classname="com.facebook.login.LoginTest" name="validLoginAndLogOut" time="27.109"/>
</testsuite> <!-- Chrome Test -->
