<?xml version="1.0" encoding="UTF-8"?>
<!-- Generated by org.testng.reporters.JUnitXMLReporter -->
<testsuite ignored="0" hostname="DELL" failures="0" tests="3" name="FireFox Test" time="125.835" errors="0" timestamp="2022-07-31T21:36:31 IST">
  <testcase classname="com.facebook.login.LoginTest" name="inValidLogin" time="28.89"/>
  <testcase classname="com.facebook.login.LoginTest" name="inValidLogin" time="15.181"/>
  <testcase classname="com.facebook.login.LoginTest" name="validLoginAndLogOut" time="25.367"/>
</testsuite> <!-- FireFox Test -->
